<?xml version="1.0" encoding="UTF-8"?>
<testng-results ignored="0" total="8" passed="8" failed="0" skipped="0">
  <reporter-output>
  </reporter-output>
  <suite started-at="2023-05-25T17:11:52 IST" name="Default suite" finished-at="2023-05-25T17:12:27 IST" duration-ms="35754">
    <groups>
      <group name="cucumber">
        <method signature="AbstractTestNGCucumberTests.runScenario(io.cucumber.testng.PickleWrapper, io.cucumber.testng.FeatureWrapper)[pri:0, instance:com.anz.runner.Runner@3e58a80e]" name="runScenario" class="io.cucumber.testng.AbstractTestNGCucumberTests"/>
      </group> <!-- cucumber -->
    </groups>
    <test started-at="2023-05-25T17:11:52 IST" name="Default test" finished-at="2023-05-25T17:12:27 IST" duration-ms="35754">
      <class name="com.anz.runner.Runner">
        <test-method is-config="true" signature="setUpClass()[pri:0, instance:com.anz.runner.Runner@3e58a80e]" started-at="2023-05-25T17:11:52 IST" name="setUpClass" finished-at="2023-05-25T17:11:52 IST" duration-ms="618" status="PASS">
          <reporter-output>
          </reporter-output>
        </test-method> <!-- setUpClass -->
        <test-method signature="runScenario(io.cucumber.testng.PickleWrapper, io.cucumber.testng.FeatureWrapper)[pri:0, instance:com.anz.runner.Runner@3e58a80e]" started-at="2023-05-25T17:11:52 IST" name="runScenario" description="Runs Cucumber Scenarios" data-provider="scenarios" finished-at="2023-05-25T17:12:05 IST" duration-ms="13333" status="PASS">
          <params>
            <param index="0">
              <value>
                <![CDATA["Verify if user is able calculate the amount by passing his details"]]>
              </value>
            </param>
            <param index="1">
              <value>
                <![CDATA["Optional[To test functionality of borrowing calculator]"]]>
              </value>
            </param>
          </params>
          <reporter-output>
          </reporter-output>
        </test-method> <!-- runScenario -->
        <test-method signature="runScenario(io.cucumber.testng.PickleWrapper, io.cucumber.testng.FeatureWrapper)[pri:0, instance:com.anz.runner.Runner@3e58a80e]" started-at="2023-05-25T17:12:05 IST" name="runScenario" description="Runs Cucumber Scenarios" data-provider="scenarios" finished-at="2023-05-25T17:12:15 IST" duration-ms="9095" status="PASS">
          <params>
            <param index="0">
              <value>
                <![CDATA["Verify if user is able to clear form using 'start over' button"]]>
              </value>
            </param>
            <param index="1">
              <value>
                <![CDATA["Optional[To test functionality of borrowing calculator]"]]>
              </value>
            </param>
          </params>
          <reporter-output>
          </reporter-output>
        </test-method> <!-- runScenario -->
        <test-method signature="runScenario(io.cucumber.testng.PickleWrapper, io.cucumber.testng.FeatureWrapper)[pri:0, instance:com.anz.runner.Runner@3e58a80e]" started-at="2023-05-25T17:12:15 IST" name="runScenario" description="Runs Cucumber Scenarios" data-provider="scenarios" finished-at="2023-05-25T17:12:21 IST" duration-ms="6176" status="PASS">
          <params>
            <param index="0">
              <value>
                <![CDATA["Verify if user is able to get error message when only living expenses are entered"]]>
              </value>
            </param>
            <param index="1">
              <value>
                <![CDATA["Optional[To test functionality of borrowing calculator]"]]>
              </value>
            </param>
          </params>
          <reporter-output>
          </reporter-output>
        </test-method> <!-- runScenario -->
        <test-method signature="runScenario(io.cucumber.testng.PickleWrapper, io.cucumber.testng.FeatureWrapper)[pri:0, instance:com.anz.runner.Runner@3e58a80e]" started-at="2023-05-25T17:12:21 IST" name="runScenario" description="Runs Cucumber Scenarios" data-provider="scenarios" finished-at="2023-05-25T17:12:22 IST" duration-ms="1503" status="PASS">
          <params>
            <param index="0">
              <value>
                <![CDATA["Verify the error message when user tries to register a weather station without an API key"]]>
              </value>
            </param>
            <param index="1">
              <value>
                <![CDATA["Optional[To test functionality of adding a new resource in stations api]"]]>
              </value>
            </param>
          </params>
          <reporter-output>
          </reporter-output>
        </test-method> <!-- runScenario -->
        <test-method signature="runScenario(io.cucumber.testng.PickleWrapper, io.cucumber.testng.FeatureWrapper)[pri:0, instance:com.anz.runner.Runner@3e58a80e]" started-at="2023-05-25T17:12:22 IST" name="runScenario" description="Runs Cucumber Scenarios" data-provider="scenarios" finished-at="2023-05-25T17:12:23 IST" duration-ms="675" status="PASS">
          <params>
            <param index="0">
              <value>
                <![CDATA["Verify the responsecodd when user tries to register a weather station with a valid API key"]]>
              </value>
            </param>
            <param index="1">
              <value>
                <![CDATA["Optional[To test functionality of adding a new resource in stations api]"]]>
              </value>
            </param>
          </params>
          <reporter-output>
          </reporter-output>
        </test-method> <!-- runScenario -->
        <test-method signature="runScenario(io.cucumber.testng.PickleWrapper, io.cucumber.testng.FeatureWrapper)[pri:0, instance:com.anz.runner.Runner@3e58a80e]" started-at="2023-05-25T17:12:23 IST" name="runScenario" description="Runs Cucumber Scenarios" data-provider="scenarios" finished-at="2023-05-25T17:12:24 IST" duration-ms="663" status="PASS">
          <params>
            <param index="0">
              <value>
                <![CDATA["Verify the responsecodd when user tries to register a weather station with a valid API key"]]>
              </value>
            </param>
            <param index="1">
              <value>
                <![CDATA["Optional[To test functionality of adding a new resource in stations api]"]]>
              </value>
            </param>
          </params>
          <reporter-output>
          </reporter-output>
        </test-method> <!-- runScenario -->
        <test-method signature="runScenario(io.cucumber.testng.PickleWrapper, io.cucumber.testng.FeatureWrapper)[pri:0, instance:com.anz.runner.Runner@3e58a80e]" started-at="2023-05-25T17:12:24 IST" name="runScenario" description="Runs Cucumber Scenarios" data-provider="scenarios" finished-at="2023-05-25T17:12:24 IST" duration-ms="754" status="PASS">
          <params>
            <param index="0">
              <value>
                <![CDATA["Verify the response when user hits the weather station API"]]>
              </value>
            </param>
            <param index="1">
              <value>
                <![CDATA["Optional[To test functionality of adding a new resource in stations api]"]]>
              </value>
            </param>
          </params>
          <reporter-output>
          </reporter-output>
        </test-method> <!-- runScenario -->
        <test-method signature="runScenario(io.cucumber.testng.PickleWrapper, io.cucumber.testng.FeatureWrapper)[pri:0, instance:com.anz.runner.Runner@3e58a80e]" started-at="2023-05-25T17:12:24 IST" name="runScenario" description="Runs Cucumber Scenarios" data-provider="scenarios" finished-at="2023-05-25T17:12:25 IST" duration-ms="566" status="PASS">
          <params>
            <param index="0">
              <value>
                <![CDATA["Verify the response when user hits the weather station API"]]>
              </value>
            </param>
            <param index="1">
              <value>
                <![CDATA["Optional[To test functionality of adding a new resource in stations api]"]]>
              </value>
            </param>
          </params>
          <reporter-output>
          </reporter-output>
        </test-method> <!-- runScenario -->
        <test-method is-config="true" signature="tearDownClass()[pri:0, instance:com.anz.runner.Runner@3e58a80e]" started-at="2023-05-25T17:12:25 IST" name="tearDownClass" finished-at="2023-05-25T17:12:27 IST" duration-ms="2320" status="PASS">
          <reporter-output>
          </reporter-output>
        </test-method> <!-- tearDownClass -->
      </class> <!-- com.anz.runner.Runner -->
    </test> <!-- Default test -->
  </suite> <!-- Default suite -->
</testng-results>
